<?xml version="1.0" encoding="UTF-8"?>
<!-- Generated by org.testng.reporters.JUnitReportReporter -->
<testsuite skipped="0" hostname="VLG-WS-S0004599" name="testNG.SumTest" tests="1" failures="0" timestamp="14 Jun 2017 12:39:23 GMT" time="0.009" errors="0">
  <testcase name="testSum" time="0.009" classname="testNG.SumTest"/>
</testsuite> <!-- testNG.SumTest -->
