<?xml version="1.0" encoding="UTF-8"?>
<!-- Generated by org.testng.reporters.JUnitReportReporter -->
<testsuite skipped="0" hostname="VLG-WS-S0004599" name="autotests.FirstTC" tests="1" failures="0" timestamp="19 Jun 2017 09:07:42 GMT" time="6.004" errors="0">
  <testcase name="firstTest" time="6.004" classname="autotests.FirstTC"/>
</testsuite> <!-- autotests.FirstTC -->
